<?xml version="1.0" encoding="UTF-8"?>
<!-- Generated by org.testng.reporters.JUnitXMLReporter -->
<testsuite hostname="LAPTOP-II3QSGQV" ignored="0" name="Test" tests="4" failures="0" timestamp="2019-12-08T19:24:30 IST" time="0.091" errors="0">
  <testcase name="webApplication" time="0.013" classname="RiskAcquisition.SeleniumTest"/>
  <testcase name="postJira" time="0.0" classname="RiskAcquisition.RestAssuredTest"/>
  <testcase name="androidTest" time="0.001" classname="RiskAcquisition.AppiumTest"/>
  <testcase name="iOSTest" time="0.0" classname="RiskAcquisition.AppiumTest"/>
</testsuite> <!-- Test -->
