<?xml version="1.0" encoding="UTF-8"?>
<testng-results skipped="0" failed="0" ignored="0" total="4" passed="4">
  <reporter-output>
  </reporter-output>
  <suite name="Suite" duration-ms="91" started-at="2019-12-08T19:24:30 IST" finished-at="2019-12-08T19:24:30 IST">
    <groups>
    </groups>
    <test name="Test" duration-ms="91" started-at="2019-12-08T19:24:30 IST" finished-at="2019-12-08T19:24:30 IST">
      <class name="RiskAcquisition.AppiumTest">
        <test-method status="PASS" signature="androidTest()[pri:0, instance:RiskAcquisition.AppiumTest@29ca901e]" name="androidTest" duration-ms="1" started-at="2019-12-08T19:24:30 IST" finished-at="2019-12-08T19:24:30 IST">
          <reporter-output>
          </reporter-output>
        </test-method> <!-- androidTest -->
        <test-method status="PASS" signature="iOSTest()[pri:0, instance:RiskAcquisition.AppiumTest@29ca901e]" name="iOSTest" duration-ms="0" started-at="2019-12-08T19:24:30 IST" finished-at="2019-12-08T19:24:30 IST">
          <reporter-output>
          </reporter-output>
        </test-method> <!-- iOSTest -->
      </class> <!-- RiskAcquisition.AppiumTest -->
      <class name="RiskAcquisition.RestAssuredTest">
        <test-method status="PASS" signature="postJira()[pri:0, instance:RiskAcquisition.RestAssuredTest@4bec1f0c]" name="postJira" duration-ms="0" started-at="2019-12-08T19:24:30 IST" finished-at="2019-12-08T19:24:30 IST">
          <reporter-output>
          </reporter-output>
        </test-method> <!-- postJira -->
      </class> <!-- RiskAcquisition.RestAssuredTest -->
      <class name="RiskAcquisition.SeleniumTest">
        <test-method status="PASS" signature="webApplication()[pri:0, instance:RiskAcquisition.SeleniumTest@73846619]" name="webApplication" duration-ms="13" started-at="2019-12-08T19:24:30 IST" finished-at="2019-12-08T19:24:30 IST">
          <reporter-output>
          </reporter-output>
        </test-method> <!-- webApplication -->
      </class> <!-- RiskAcquisition.SeleniumTest -->
    </test> <!-- Test -->
  </suite> <!-- Suite -->
</testng-results>
